[     814ms] [ERROR] [GPT] Error in googletag.defineSlot: Cannot create slot /31094240/d_x13_643x140_adx_230629. Div element "div-gpt-ad-1754548447482-0" is already associated with another slot: /31094240/d_x13_643x140_adx_230629.
https://goo.gle/gpt-message#28 @ https://securepubads.g.doubleclick.net/pagead/managed/js/gpt/m202603100101/pubads_impl.js:18
[     815ms] [ERROR] Exception in queued GPT command TypeError: Cannot read properties of null (reading 'addService')
    at <anonymous>:4:117
    at hw.push (https://securepubads.g.doubleclick.net/pagead/managed/js/gpt/m202603100101/pubads_impl.js:19:424562)
    at hw.<anonymous> (https://securepubads.g.doubleclick.net/pagead/managed/js/gpt/m202603100101/pubads_impl.js:19:98241)
    at iw (https://securepubads.g.doubleclick.net/pagead/managed/js/gpt/m202603100101/pubads_impl.js:19:140993)
    at ZD.j (https://securepubads.g.doubleclick.net/pagead/managed/js/gpt/m202603100101/pubads_impl.js:19:597512)
    at aE (https://securepubads.g.doubleclick.net/pagead/managed/js/gpt/m202603100101/pubads_impl.js:19:199028)
    at cE.next (https://securepubads.g.doubleclick.net/pagead/managed/js/gpt/m202603100101/pubads_impl.js:19:199320)
    at https://securepubads.g.doubleclick.net/pagead/managed/js/gpt/m202603100101/pubads_impl.js:19:199733
    at new Promise (<anonymous>)
    at dE (https://securepubads.g.doubleclick.net/pagead/managed/js/gpt/m202603100101/pubads_impl.js:19:199618) @ https://securepubads.g.doubleclick.net/pagead/managed/js/gpt/m202603100101/pubads_impl.js:18
[     815ms] [ERROR] [GPT] Exception in googletag.cmd function: TypeError: Cannot read properties of null (reading 'addService').
https://goo.gle/gpt-message#30 @ https://securepubads.g.doubleclick.net/pagead/managed/js/gpt/m202603100101/pubads_impl.js:18
[     878ms] [WARNING] Google Deploy of the SharedId library has been deprecated. Please select another option in the GAM UI. If you use Prebid, we suggest the Prebid.js UserId option. If you do not, you may configure GAM to allow Google to share a first party user identifier with OB and AB participants, which is either the publisherProvidedId or the __gads value when that is missing. @ https://cdn.jsdelivr.net/gh/prebid/shared-id/pubcid.js/docs/pubcid.min.js:0
[     883ms] [WARNING] [GPT] Using deprecated googletag.encryptedSignalProviders. Please use googletag.secureSignalProviders instead.
https://goo.gle/gpt-message#155 @ https://securepubads.g.doubleclick.net/pagead/managed/js/gpt/m202603100101/pubads_impl.js:18
[    1031ms] [WARNING] [GPT] Using deprecated googletag.encryptedSignalProviders. Please use googletag.secureSignalProviders instead.
https://goo.gle/gpt-message#155 @ https://securepubads.g.doubleclick.net/pagead/managed/js/gpt/m202603100101/pubads_impl.js:18
[    1132ms] [WARNING] You are using deprecated show_ads.js script to display AdSense ads. To improve performance of your ads switch to the modern adsbygoogle.js script. See instructions on https://support.google.com/adsense/answer/9190028. @ https://pagead2.googlesyndication.com/pagead/show_ads.js:51
[    1192ms] [WARNING] [GPT] Using deprecated googletag.encryptedSignalProviders. Please use googletag.secureSignalProviders instead.
https://goo.gle/gpt-message#155 @ https://securepubads.g.doubleclick.net/pagead/managed/js/gpt/m202603100101/pubads_impl.js:18
[    1194ms] [WARNING] You are using deprecated show_ads.js script to display AdSense ads. To improve performance of your ads switch to the modern adsbygoogle.js script. See instructions on https://support.google.com/adsense/answer/9190028. @ https://pagead2.googlesyndication.com/pagead/show_ads.js:51
[    1268ms] [WARNING] You are using deprecated show_ads.js script to display AdSense ads. To improve performance of your ads switch to the modern adsbygoogle.js script. See instructions on https://support.google.com/adsense/answer/9190028. @ https://pagead2.googlesyndication.com/pagead/show_ads.js:51
[    1333ms] [WARNING] You are using deprecated show_ads.js script to display AdSense ads. To improve performance of your ads switch to the modern adsbygoogle.js script. See instructions on https://support.google.com/adsense/answer/9190028. @ https://pagead2.googlesyndication.com/pagead/show_ads.js:51
[    2324ms] [ERROR] Failed to load resource: the server responded with a status of 400 () @ https://cksync.yahoo.co.jp/sspsync?ptr=12703&google_gid=CAESEPlYY21_oSROcPjScTVboOc&google_cver=1&google_push=AXcoOmSQzmPcyAvNxOq3wSBv59BI7xhyy9QrNb36-V7h5TZFEaJ3XnROnK54k73MNU9wyLG3THTvHGp_WebZ3Vvtrz5GjC0a3eJ4AuGilTQYIDWtB2fG5z6t1hxQs6fzGyQMxPqJzXN9Z_vPCe0sneUIDmZi:0
[    2475ms] [ERROR] Attestation check for Shared Storage on https://www.googleadservices.com failed. @ https://www.googleadservices.com/pagead/managed/js/activeview/current/reach_worklet.html:0
[    2478ms] [ERROR] Attestation check for Shared Storage on https://www.googleadservices.com failed. @ https://www.googleadservices.com/pagead/managed/js/activeview/current/reach_worklet.html:0
[    2479ms] [ERROR] Attestation check for Shared Storage on https://www.googleadservices.com failed. @ https://www.googleadservices.com/pagead/managed/js/activeview/current/reach_worklet.html:0
[    2480ms] [ERROR] Attestation check for Shared Storage on https://www.googleadservices.com failed. @ https://www.googleadservices.com/pagead/managed/js/activeview/current/reach_worklet.html:0
